2021-11-11 00:39:18,358 [INFO] Activator:177 - 


2021-11-11 00:39:18,358 [INFO] Activator:178 - !SESSION log4j initialized
2021-11-11 00:42:40,129 [INFO] Activator:177 - 


2021-11-11 00:42:40,129 [INFO] Activator:178 - !SESSION log4j initialized
2021-11-11 01:01:59,298 [INFO] Activator:177 - 


2021-11-11 01:01:59,298 [INFO] Activator:178 - !SESSION log4j initialized
2021-11-11 01:06:01,205 [INFO] Activator:177 - 


2021-11-11 01:06:01,205 [INFO] Activator:178 - !SESSION log4j initialized
2021-11-11 01:11:57,588 [INFO] Activator:177 - 


2021-11-11 01:11:57,588 [INFO] Activator:178 - !SESSION log4j initialized
2021-11-11 08:44:21,537 [INFO] Activator:177 - 


2021-11-11 08:44:21,537 [INFO] Activator:178 - !SESSION log4j initialized
2021-11-11 11:57:49,344 [INFO] McuFinderGlobals:39 - Set McuFinder mode to 2 (CubeIDE integrated)
2021-11-11 11:57:50,765 [INFO] ApplicationProperties:181 - Using Application install path: C:\ST\STM32CubeIDE_1.7.0\STM32CubeIDE\plugins\com.st.stm32cube.common.mx_6.3.0.202107141111
2021-11-11 11:57:50,773 [INFO] DbMcusXml:74 - Set database path to: C:\ST\STM32CubeIDE_1.7.0\STM32CubeIDE\plugins\com.st.stm32cube.common.mx_6.3.0.202107141111\\db\/mcu/
2021-11-11 11:57:50,777 [INFO] DbBoardsPdsc:56 - Set plugin database path to: C:\ST\STM32CubeIDE_1.7.0\STM32CubeIDE\plugins\com.st.stm32cube.common.mx_6.3.0.202107141111\\db\/plugins/boardmanager/
2021-11-11 11:57:50,777 [INFO] DbMcus:258 - Set plugin images path to: C:\ST\STM32CubeIDE_1.7.0\STM32CubeIDE\plugins\com.st.stm32cube.common.mx_6.3.0.202107141111\\db\/plugins/mcufinder/images/
2021-11-11 11:57:50,777 [INFO] DbBoards:264 - Set plugin images path to: C:\ST\STM32CubeIDE_1.7.0\STM32CubeIDE\plugins\com.st.stm32cube.common.mx_6.3.0.202107141111\\db\/plugins/mcufinder/images/
2021-11-11 11:57:50,781 [INFO] DbExamples:333 - Set plugin images path to: C:\ST\STM32CubeIDE_1.7.0\STM32CubeIDE\plugins\com.st.stm32cube.common.mx_6.3.0.202107141111\\db\/plugins/mcufinder/images/
2021-11-11 11:57:50,785 [INFO] DbMcusAds:119 - Set database path to: C:\Users\binar\.stmcufinder\plugins\mcufinder//mcu/
2021-11-11 11:57:50,785 [INFO] DbMcusDocs:110 - Set database path to: C:\Users\binar\.stmcufinder\plugins\mcufinder//mcu/
2021-11-11 11:57:50,785 [INFO] DbMcusJson:64 - Set database path to: C:\Users\binar\.stmcufinder\plugins\mcufinder//mcu/
2021-11-11 11:57:50,785 [INFO] DbBoardsDocs:110 - Set database path to: C:\Users\binar\.stmcufinder\plugins\mcufinder//mcu/
2021-11-11 11:57:50,785 [INFO] DbBoardsJson:57 - Set database path to: C:\Users\binar\.stmcufinder\plugins\mcufinder//mcu/
2021-11-11 11:57:50,817 [INFO] CrossReferenceDbSqlite:196 - Set database path to: C:\Users\binar\.stmcufinder\plugins\mcufinder//mcu/cs/
2021-11-11 11:57:50,821 [INFO] DbExamplesSqlite:767 - Set database path to: C:\Users\binar\.stmcufinder\plugins\mcufinder//mcu/
2021-11-11 11:57:50,902 [INFO] RulesReader:57 - Compatibility file has been processed (242 Rules)
2021-11-11 11:57:50,968 [INFO] DbMcusXml:74 - Set database path to: C:\ST\STM32CubeIDE_1.7.0\STM32CubeIDE\plugins\com.st.stm32cube.common.mx_6.3.0.202107141111\\db\/mcu/
2021-11-11 11:57:50,972 [INFO] DbBoardsPdsc:56 - Set plugin database path to: C:\ST\STM32CubeIDE_1.7.0\STM32CubeIDE\plugins\com.st.stm32cube.common.mx_6.3.0.202107141111\\db\/plugins/boardmanager/
2021-11-11 11:57:50,972 [INFO] DbMcus:258 - Set plugin images path to: C:\ST\STM32CubeIDE_1.7.0\STM32CubeIDE\plugins\com.st.stm32cube.common.mx_6.3.0.202107141111\\db\/plugins/mcufinder/images/
2021-11-11 11:57:50,972 [INFO] DbBoards:264 - Set plugin images path to: C:\ST\STM32CubeIDE_1.7.0\STM32CubeIDE\plugins\com.st.stm32cube.common.mx_6.3.0.202107141111\\db\/plugins/mcufinder/images/
2021-11-11 11:57:50,972 [INFO] DbExamples:333 - Set plugin images path to: C:\ST\STM32CubeIDE_1.7.0\STM32CubeIDE\plugins\com.st.stm32cube.common.mx_6.3.0.202107141111\\db\/plugins/mcufinder/images/
2021-11-11 11:57:50,972 [WARN] DbFile:35 - Overriding database path with different value: C:\Users\binar\.stmcufinder\plugins\mcufinder/ => C:\Users\binar\.stmcufinder\plugins\mcufinder
2021-11-11 11:57:50,972 [INFO] DbMcusAds:119 - Set database path to: C:\Users\binar\.stmcufinder\plugins\mcufinder//mcu/
2021-11-11 11:57:50,972 [WARN] DbFile:35 - Overriding database path with different value: C:\Users\binar\.stmcufinder\plugins\mcufinder/ => C:\Users\binar\.stmcufinder\plugins\mcufinder
2021-11-11 11:57:50,972 [INFO] DbMcusDocs:110 - Set database path to: C:\Users\binar\.stmcufinder\plugins\mcufinder//mcu/
2021-11-11 11:57:50,972 [WARN] DbFile:35 - Overriding database path with different value: C:\Users\binar\.stmcufinder\plugins\mcufinder/ => C:\Users\binar\.stmcufinder\plugins\mcufinder
2021-11-11 11:57:50,972 [INFO] DbMcusJson:64 - Set database path to: C:\Users\binar\.stmcufinder\plugins\mcufinder//mcu/
2021-11-11 11:57:50,972 [WARN] DbFile:35 - Overriding database path with different value: C:\Users\binar\.stmcufinder\plugins\mcufinder/ => C:\Users\binar\.stmcufinder\plugins\mcufinder
2021-11-11 11:57:50,972 [INFO] DbBoardsDocs:110 - Set database path to: C:\Users\binar\.stmcufinder\plugins\mcufinder//mcu/
2021-11-11 11:57:50,972 [WARN] DbFile:35 - Overriding database path with different value: C:\Users\binar\.stmcufinder\plugins\mcufinder/ => C:\Users\binar\.stmcufinder\plugins\mcufinder
2021-11-11 11:57:50,972 [INFO] DbBoardsJson:57 - Set database path to: C:\Users\binar\.stmcufinder\plugins\mcufinder//mcu/
2021-11-11 11:57:50,972 [WARN] DbFile:35 - Overriding database path with different value: C:\Users\binar\.stmcufinder\plugins\mcufinder/ => C:\Users\binar\.stmcufinder\plugins\mcufinder
2021-11-11 11:57:50,972 [WARN] DbFile:35 - Overriding database path with different value: C:\Users\binar\.stmcufinder\plugins\mcufinder/ => C:\Users\binar\.stmcufinder\plugins\mcufinder
2021-11-11 11:57:50,972 [INFO] CrossReferenceDbSqlite:196 - Set database path to: C:\Users\binar\.stmcufinder\plugins\mcufinder//mcu/cs/
2021-11-11 11:57:50,972 [WARN] DbFile:35 - Overriding database path with different value: C:\Users\binar\.stmcufinder\plugins\mcufinder/ => C:\Users\binar\.stmcufinder\plugins\mcufinder
2021-11-11 11:57:50,972 [INFO] DbExamplesSqlite:767 - Set database path to: C:\Users\binar\.stmcufinder\plugins\mcufinder//mcu/
2021-11-11 11:57:51,020 [INFO] MainPanel:214 - HeapMemory: 381681664
2021-11-11 11:57:51,088 [INFO] DbMcusXml:74 - Set database path to: C:\ST\STM32CubeIDE_1.7.0\STM32CubeIDE\plugins\com.st.stm32cube.common.mx_6.3.0.202107141111\\db\/mcu/
2021-11-11 11:57:51,088 [INFO] DbBoardsPdsc:56 - Set plugin database path to: C:\ST\STM32CubeIDE_1.7.0\STM32CubeIDE\plugins\com.st.stm32cube.common.mx_6.3.0.202107141111\\db\/plugins/boardmanager/
2021-11-11 11:57:51,088 [INFO] DbMcus:258 - Set plugin images path to: C:\ST\STM32CubeIDE_1.7.0\STM32CubeIDE\plugins\com.st.stm32cube.common.mx_6.3.0.202107141111\\db\/plugins/mcufinder/images/
2021-11-11 11:57:51,088 [INFO] DbBoards:264 - Set plugin images path to: C:\ST\STM32CubeIDE_1.7.0\STM32CubeIDE\plugins\com.st.stm32cube.common.mx_6.3.0.202107141111\\db\/plugins/mcufinder/images/
2021-11-11 11:57:51,088 [INFO] DbExamples:333 - Set plugin images path to: C:\ST\STM32CubeIDE_1.7.0\STM32CubeIDE\plugins\com.st.stm32cube.common.mx_6.3.0.202107141111\\db\/plugins/mcufinder/images/
2021-11-11 11:57:51,088 [WARN] DbFile:35 - Overriding database path with different value: C:\Users\binar\.stmcufinder\plugins\mcufinder/ => C:\Users\binar\.stmcufinder\plugins\mcufinder
2021-11-11 11:57:51,088 [INFO] DbMcusAds:119 - Set database path to: C:\Users\binar\.stmcufinder\plugins\mcufinder//mcu/
2021-11-11 11:57:51,088 [WARN] DbFile:35 - Overriding database path with different value: C:\Users\binar\.stmcufinder\plugins\mcufinder/ => C:\Users\binar\.stmcufinder\plugins\mcufinder
2021-11-11 11:57:51,088 [INFO] DbMcusDocs:110 - Set database path to: C:\Users\binar\.stmcufinder\plugins\mcufinder//mcu/
2021-11-11 11:57:51,088 [WARN] DbFile:35 - Overriding database path with different value: C:\Users\binar\.stmcufinder\plugins\mcufinder/ => C:\Users\binar\.stmcufinder\plugins\mcufinder
2021-11-11 11:57:51,088 [INFO] DbMcusJson:64 - Set database path to: C:\Users\binar\.stmcufinder\plugins\mcufinder//mcu/
2021-11-11 11:57:51,088 [WARN] DbFile:35 - Overriding database path with different value: C:\Users\binar\.stmcufinder\plugins\mcufinder/ => C:\Users\binar\.stmcufinder\plugins\mcufinder
2021-11-11 11:57:51,088 [INFO] DbBoardsDocs:110 - Set database path to: C:\Users\binar\.stmcufinder\plugins\mcufinder//mcu/
2021-11-11 11:57:51,088 [WARN] DbFile:35 - Overriding database path with different value: C:\Users\binar\.stmcufinder\plugins\mcufinder/ => C:\Users\binar\.stmcufinder\plugins\mcufinder
2021-11-11 11:57:51,088 [INFO] DbBoardsJson:57 - Set database path to: C:\Users\binar\.stmcufinder\plugins\mcufinder//mcu/
2021-11-11 11:57:51,088 [WARN] DbFile:35 - Overriding database path with different value: C:\Users\binar\.stmcufinder\plugins\mcufinder/ => C:\Users\binar\.stmcufinder\plugins\mcufinder
2021-11-11 11:57:51,088 [WARN] DbFile:35 - Overriding database path with different value: C:\Users\binar\.stmcufinder\plugins\mcufinder/ => C:\Users\binar\.stmcufinder\plugins\mcufinder
2021-11-11 11:57:51,088 [INFO] CrossReferenceDbSqlite:196 - Set database path to: C:\Users\binar\.stmcufinder\plugins\mcufinder//mcu/cs/
2021-11-11 11:57:51,088 [WARN] DbFile:35 - Overriding database path with different value: C:\Users\binar\.stmcufinder\plugins\mcufinder/ => C:\Users\binar\.stmcufinder\plugins\mcufinder
2021-11-11 11:57:51,088 [INFO] DbExamplesSqlite:767 - Set database path to: C:\Users\binar\.stmcufinder\plugins\mcufinder//mcu/
2021-11-11 11:57:51,112 [INFO] ApplicationProperties:181 - Using Application install path: C:\ST\STM32CubeIDE_1.7.0\STM32CubeIDE\plugins\com.st.stm32cube.common.mx_6.3.0.202107141111
2021-11-11 11:57:51,116 [INFO] PluginManage:188 - Search for loadable plugins [exclusion list=, ]
2021-11-11 11:57:51,116 [INFO] PluginManage:302 - Check plugin analytics
2021-11-11 11:57:51,296 [INFO] AnalyticsPlugin:257 - Accepted Software Licenses: 
2021-11-11 11:57:51,300 [INFO] AnalyticsPlugin:259 - Accepted CMSIS Pack Licenses: 
2021-11-11 11:57:51,300 [INFO] AnalyticsPlugin:261 - Accepted Firmware Licenses: 
2021-11-11 11:57:51,300 [INFO] PluginManage:352 - Loaded plugin analytics (category:tool,tabindex:-1)
2021-11-11 11:57:51,300 [INFO] PluginManage:302 - Check plugin clock
2021-11-11 11:57:51,312 [INFO] PluginManage:352 - Loaded plugin clock (category:base,tabindex:2)
2021-11-11 11:57:51,312 [INFO] PluginManage:302 - Check plugin ddr
2021-11-11 11:57:51,312 [INFO] PluginManage:352 - Loaded plugin ddr (category:tool,tabindex:6)
2021-11-11 11:57:51,312 [INFO] PluginManage:302 - Check plugin filemanager
2021-11-11 11:57:51,412 [INFO] PluginManage:352 - Loaded plugin filemanager (category:base,tabindex:10)
2021-11-11 11:57:51,412 [INFO] PluginManage:302 - Check plugin ipmanager
2021-11-11 11:57:51,416 [INFO] PluginManage:352 - Loaded plugin ipmanager (category:base,tabindex:5)
2021-11-11 11:57:51,416 [INFO] PluginManage:302 - Check plugin pinoutandconfiguration
2021-11-11 11:57:51,424 [INFO] PluginManage:352 - Loaded plugin pinoutandconfiguration (category:base,tabindex:1)
2021-11-11 11:57:51,424 [INFO] PluginManage:302 - Check plugin pinoutconfig
2021-11-11 11:57:51,444 [INFO] PluginManage:352 - Loaded plugin pinoutconfig (category:base,tabindex:0)
2021-11-11 11:57:51,444 [INFO] PluginManage:302 - Check plugin power
2021-11-11 11:57:51,452 [INFO] PluginManage:352 - Loaded plugin power (category:power,tabindex:4)
2021-11-11 11:57:51,452 [INFO] PluginManage:302 - Check plugin projectmanager
2021-11-11 11:57:51,468 [INFO] PluginManage:352 - Loaded plugin projectmanager (category:projectmanager,tabindex:3)
2021-11-11 11:57:51,468 [INFO] PluginManage:302 - Check plugin thirdparty
2021-11-11 11:57:51,552 [WARN] IntegrityCheckThread:78 - waiting for thirdparty lock release [integrity check]
2021-11-11 11:57:51,552 [INFO] IntegrityCheckThread:80 - entering critical section [integrity check]
2021-11-11 11:57:51,552 [INFO] PluginManage:352 - Loaded plugin thirdparty (category:base,tabindex:-1)
2021-11-11 11:57:51,552 [INFO] PluginManage:302 - Check plugin tools
2021-11-11 11:57:51,552 [INFO] ThirdPartyUpdaterWithRetryManager:66 - Updater plugin not ready yet. [1/15]
2021-11-11 11:57:51,552 [INFO] PluginManage:352 - Loaded plugin tools (category:base,tabindex:7)
2021-11-11 11:57:51,556 [INFO] PluginManage:302 - Check plugin tutovideos
2021-11-11 11:57:51,704 [INFO] PluginManage:352 - Loaded plugin tutovideos (category:base,tabindex:-1)
2021-11-11 11:57:51,704 [INFO] PluginManage:302 - Check plugin updater
2021-11-11 11:57:51,716 [INFO] PluginManage:352 - Loaded plugin updater (category:base,tabindex:12)
2021-11-11 11:57:51,716 [INFO] PluginManage:275 - PluginManage : Loaded plugins [13]
2021-11-11 11:57:51,840 [INFO] PinOutPanel:1463 - setPackage(No Configuration,No Configuration)
2021-11-11 11:57:51,904 [INFO] IPUIPlugin:74 - create IPUIPlugin
2021-11-11 11:57:51,908 [INFO] PluginManager:213 - loadIPPluginJar : add adc
2021-11-11 11:57:51,908 [INFO] IPUIPlugin:74 - create IPUIPlugin
2021-11-11 11:57:51,908 [INFO] PluginManager:213 - loadIPPluginJar : add aes
2021-11-11 11:57:51,908 [INFO] IPUIPlugin:74 - create IPUIPlugin
2021-11-11 11:57:51,912 [INFO] PluginManager:213 - loadIPPluginJar : add can
2021-11-11 11:57:51,912 [INFO] IPUIPlugin:74 - create IPUIPlugin
2021-11-11 11:57:51,912 [INFO] PluginManager:213 - loadIPPluginJar : add comp
2021-11-11 11:57:51,912 [INFO] IPUIPlugin:74 - create IPUIPlugin
2021-11-11 11:57:51,912 [INFO] PluginManager:213 - loadIPPluginJar : add cryp
2021-11-11 11:57:51,916 [INFO] IPUIPlugin:74 - create IPUIPlugin
2021-11-11 11:57:51,916 [INFO] PluginManager:213 - loadIPPluginJar : add dfsdm
2021-11-11 11:57:51,920 [INFO] IPUIPlugin:74 - create IPUIPlugin
2021-11-11 11:57:51,920 [INFO] PluginManager:213 - loadIPPluginJar : add dma
2021-11-11 11:57:51,920 [INFO] IPUIPlugin:74 - create IPUIPlugin
2021-11-11 11:57:51,920 [INFO] PluginManager:213 - loadIPPluginJar : add dma3
2021-11-11 11:57:51,924 [INFO] IPUIPlugin:74 - create IPUIPlugin
2021-11-11 11:57:51,924 [INFO] PluginManager:213 - loadIPPluginJar : add fatfs
2021-11-11 11:57:51,928 [INFO] IPUIPlugin:74 - create IPUIPlugin
2021-11-11 11:57:51,928 [INFO] PluginManager:213 - loadIPPluginJar : add fmc
2021-11-11 11:57:51,932 [INFO] IPUIPlugin:74 - create IPUIPlugin
2021-11-11 11:57:51,932 [INFO] PluginManager:213 - loadIPPluginJar : add freertos
2021-11-11 11:57:51,932 [INFO] IPUIPlugin:74 - create IPUIPlugin
2021-11-11 11:57:51,932 [INFO] PluginManager:213 - loadIPPluginJar : add genericplugin
2021-11-11 11:57:51,932 [INFO] IPUIPlugin:74 - create IPUIPlugin
2021-11-11 11:57:51,932 [INFO] PluginManager:213 - loadIPPluginJar : add gfxmmu
2021-11-11 11:57:51,936 [INFO] IPUIPlugin:74 - create IPUIPlugin
2021-11-11 11:57:51,936 [INFO] PluginManager:213 - loadIPPluginJar : add gic
2021-11-11 11:57:51,940 [INFO] IPUIPlugin:74 - create IPUIPlugin
2021-11-11 11:57:51,940 [INFO] PluginManager:213 - loadIPPluginJar : add gpio
2021-11-11 11:57:51,944 [INFO] IPUIPlugin:74 - create IPUIPlugin
2021-11-11 11:57:51,944 [INFO] PluginManager:213 - loadIPPluginJar : add gtzc
2021-11-11 11:57:51,944 [INFO] IPUIPlugin:74 - create IPUIPlugin
2021-11-11 11:57:51,944 [INFO] PluginManager:213 - loadIPPluginJar : add hash
2021-11-11 11:57:51,944 [INFO] IPUIPlugin:74 - create IPUIPlugin
2021-11-11 11:57:51,944 [INFO] PluginManager:213 - loadIPPluginJar : add i2c
2021-11-11 11:57:51,948 [INFO] IPUIPlugin:74 - create IPUIPlugin
2021-11-11 11:57:51,948 [INFO] PluginManager:213 - loadIPPluginJar : add i2s
2021-11-11 11:57:51,948 [INFO] IPUIPlugin:74 - create IPUIPlugin
2021-11-11 11:57:51,948 [INFO] PluginManager:213 - loadIPPluginJar : add ipddr
2021-11-11 11:57:51,956 [INFO] IPUIPlugin:74 - create IPUIPlugin
2021-11-11 11:57:51,956 [INFO] PluginManager:213 - loadIPPluginJar : add linkedlist
2021-11-11 11:57:51,956 [INFO] IPUIPlugin:74 - create IPUIPlugin
2021-11-11 11:57:51,956 [INFO] PluginManager:213 - loadIPPluginJar : add lorawan
2021-11-11 11:57:51,960 [INFO] IPUIPlugin:74 - create IPUIPlugin
2021-11-11 11:57:51,960 [INFO] PluginManager:213 - loadIPPluginJar : add ltdc
2021-11-11 11:57:51,960 [INFO] IPUIPlugin:74 - create IPUIPlugin
2021-11-11 11:57:51,960 [INFO] PluginManager:213 - loadIPPluginJar : add mdma
2021-11-11 11:57:51,964 [INFO] IPUIPlugin:74 - create IPUIPlugin
2021-11-11 11:57:51,964 [INFO] PluginManager:213 - loadIPPluginJar : add nvic
2021-11-11 11:57:51,968 [INFO] IPUIPlugin:74 - create IPUIPlugin
2021-11-11 11:57:51,968 [INFO] PluginManager:213 - loadIPPluginJar : add opamp
2021-11-11 11:57:51,968 [INFO] IPUIPlugin:74 - create IPUIPlugin
2021-11-11 11:57:51,968 [INFO] PluginManager:213 - loadIPPluginJar : add openamp
2021-11-11 11:57:51,972 [INFO] IPUIPlugin:74 - create IPUIPlugin
2021-11-11 11:57:51,972 [INFO] PluginManager:213 - loadIPPluginJar : add pdm2pcm
2021-11-11 11:57:51,976 [INFO] IPUIPlugin:74 - create IPUIPlugin
2021-11-11 11:57:51,980 [INFO] PluginManager:213 - loadIPPluginJar : add plateformsettings
2021-11-11 11:57:51,980 [INFO] IPUIPlugin:74 - create IPUIPlugin
2021-11-11 11:57:51,980 [INFO] PluginManager:213 - loadIPPluginJar : add quadspi
2021-11-11 11:57:51,984 [INFO] IPUIPlugin:74 - create IPUIPlugin
2021-11-11 11:57:51,984 [INFO] PluginManager:213 - loadIPPluginJar : add resmgrutility
2021-11-11 11:57:51,984 [INFO] IPUIPlugin:74 - create IPUIPlugin
2021-11-11 11:57:51,984 [INFO] PluginManager:213 - loadIPPluginJar : add sai
2021-11-11 11:57:51,988 [INFO] IPUIPlugin:74 - create IPUIPlugin
2021-11-11 11:57:51,988 [INFO] PluginManager:213 - loadIPPluginJar : add spi
2021-11-11 11:57:51,992 [INFO] IPUIPlugin:74 - create IPUIPlugin
2021-11-11 11:57:51,992 [INFO] PluginManager:213 - loadIPPluginJar : add stm32_wpan
2021-11-11 11:57:51,992 [INFO] IPUIPlugin:74 - create IPUIPlugin
2021-11-11 11:57:51,992 [INFO] PluginManager:213 - loadIPPluginJar : add tim
2021-11-11 11:57:51,996 [INFO] IPUIPlugin:74 - create IPUIPlugin
2021-11-11 11:57:51,996 [INFO] PluginManager:213 - loadIPPluginJar : add touchsensing
2021-11-11 11:57:51,996 [INFO] IPUIPlugin:74 - create IPUIPlugin
2021-11-11 11:57:51,996 [INFO] PluginManager:213 - loadIPPluginJar : add tracer_emb
2021-11-11 11:57:51,996 [INFO] IPUIPlugin:74 - create IPUIPlugin
2021-11-11 11:57:51,996 [INFO] PluginManager:213 - loadIPPluginJar : add ts
2021-11-11 11:57:52,000 [INFO] IPUIPlugin:74 - create IPUIPlugin
2021-11-11 11:57:52,000 [INFO] PluginManager:213 - loadIPPluginJar : add tsc
2021-11-11 11:57:52,000 [INFO] IPUIPlugin:74 - create IPUIPlugin
2021-11-11 11:57:52,000 [INFO] PluginManager:213 - loadIPPluginJar : add ucpd
2021-11-11 11:57:52,000 [INFO] IPUIPlugin:74 - create IPUIPlugin
2021-11-11 11:57:52,000 [INFO] PluginManager:213 - loadIPPluginJar : add usart
2021-11-11 11:57:52,004 [INFO] IPUIPlugin:74 - create IPUIPlugin
2021-11-11 11:57:52,004 [INFO] PluginManager:213 - loadIPPluginJar : add usbx
2021-11-11 11:57:52,272 [FATAL] Updater:294 - Updater called before beeing initialized
2021-11-11 11:57:52,392 [FATAL] Updater:294 - Updater called before beeing initialized
2021-11-11 11:57:52,396 [INFO] DbMcusAds:47 - JSON generation date=Thu Sep 30 16:55:09 AEST 2021 (1632984909261)
2021-11-11 11:57:52,396 [FATAL] Updater:294 - Updater called before beeing initialized
2021-11-11 11:57:52,424 [WARN] DetailPanel:314 - Failed to get advertising image, set to default
2021-11-11 11:57:52,516 [FATAL] Updater:294 - Updater called before beeing initialized
2021-11-11 11:57:52,520 [FATAL] Updater:294 - Updater called before beeing initialized
2021-11-11 11:57:52,520 [FATAL] Updater:294 - Updater called before beeing initialized
2021-11-11 11:57:52,520 [WARN] DetailPanel:314 - Failed to get advertising image, set to default
2021-11-11 11:57:52,520 [FATAL] Updater:294 - Updater called before beeing initialized
2021-11-11 11:57:52,564 [ERROR] Updater:1075 - MainUpdater not yet initialized. External WinMGr cannot be set.
2021-11-11 11:57:52,564 [INFO] Updater:1012 - Updater Version found : 6.3.0
2021-11-11 11:57:52,580 [INFO] ApplicationProperties:181 - Using Application install path: C:\ST\STM32CubeIDE_1.7.0\STM32CubeIDE\plugins\com.st.stm32cube.common.mx_6.3.0.202107141111
2021-11-11 11:57:52,975 [INFO] MainUpdater:2671 - connection check result : 10
2021-11-11 11:57:52,975 [INFO] MainUpdater:265 - Updater Check For Update Now.
2021-11-11 11:57:52,975 [INFO] MicroXplorer:478 - Change Database Version : DB.6.0.30
2021-11-11 11:57:53,110 [INFO] CheckServerUpdateThread:112 - End of CheckServer Thread
2021-11-11 11:57:53,201 [INFO] MainUpdater:2671 - connection check result : 10
2021-11-11 11:57:53,201 [INFO] MainUpdater:2671 - connection check result : 10
2021-11-11 11:57:53,280 [INFO] MicroXplorer:448 - Change Database Path : 
2021-11-11 11:57:53,280 [INFO] MicroXplorer:478 - Change Database Version : DB.6.0.30
2021-11-11 11:57:53,280 [WARN] ThirdParty:813 - waiting for thirdparty lock release [close project]
2021-11-11 11:57:54,681 [WARN] PackLoader:238 - Cannot read IP mode file for STMicroelectronics.X-CUBE-AZRTOS-H7.1.1.0
2021-11-11 11:57:54,693 [WARN] PackLoader:238 - Cannot read IP mode file for STMicroelectronics.X-CUBE-EEPRMA1.3.0.0
2021-11-11 11:57:54,701 [WARN] PackLoader:238 - Cannot read IP mode file for STMicroelectronics.X-CUBE-BLE1.6.2.1
2021-11-11 11:57:54,705 [WARN] PackLoader:238 - Cannot read IP mode file for STMicroelectronics.X-CUBE-BLE1.6.2.2
2021-11-11 11:57:54,709 [WARN] PackLoader:238 - Cannot read IP mode file for STMicroelectronics.X-CUBE-BLE2.3.2.1
2021-11-11 11:57:54,709 [WARN] PackLoader:238 - Cannot read IP mode file for STMicroelectronics.X-CUBE-BLE2.3.2.2
2021-11-11 11:57:54,713 [WARN] PackLoader:238 - Cannot read IP mode file for STMicroelectronics.X-CUBE-NFC4.2.0.3
2021-11-11 11:57:54,721 [WARN] PackLoader:238 - Cannot read IP mode file for STMicroelectronics.X-CUBE-NFC4.2.0.2
2021-11-11 11:57:54,725 [WARN] PackLoader:238 - Cannot read IP mode file for STMicroelectronics.X-CUBE-BLE2.3.2.0
2021-11-11 11:57:54,729 [WARN] PackLoader:238 - Cannot read IP mode file for STMicroelectronics.X-CUBE-SFXS2LP1.3.1.0
2021-11-11 11:57:54,765 [WARN] PackLoader:238 - Cannot read IP mode file for STMicroelectronics.X-CUBE-AZRTOS-F4.1.0.0
2021-11-11 11:57:54,769 [WARN] PackLoader:238 - Cannot read IP mode file for STMicroelectronics.X-CUBE-TOF1.2.0.0
2021-11-11 11:57:54,781 [WARN] PackLoader:238 - Cannot read IP mode file for STMicroelectronics.X-CUBE-SUBG2.4.2.0
2021-11-11 11:57:54,797 [WARN] PackLoader:238 - Cannot read IP mode file for STMicroelectronics.X-CUBE-AZRTOS-H7.1.0.0
2021-11-11 11:57:54,805 [WARN] PackLoader:238 - Cannot read IP mode file for STMicroelectronics.X-CUBE-ALGOBUILD.1.2.1
2021-11-11 11:57:54,813 [WARN] PackLoader:238 - Cannot read IP mode file for STMicroelectronics.X-CUBE-DISPLAY.1.0.0
2021-11-11 11:57:54,813 [WARN] PackLoader:238 - Cannot read IP mode file for STMicroelectronics.X-CUBE-AI.6.0.0
2021-11-11 11:57:54,817 [WARN] PackLoader:238 - Cannot read IP mode file for STMicroelectronics.X-CUBE-ALGOBUILD.1.2.0
2021-11-11 11:57:54,821 [WARN] PackLoader:238 - Cannot read IP mode file for STMicroelectronics.X-CUBE-BLE1.6.1.0
2021-11-11 11:57:54,825 [WARN] PackLoader:238 - Cannot read IP mode file for wolfSSL.I-CUBE-wolfSSL.4.7.0
2021-11-11 11:57:54,829 [WARN] PackLoader:238 - Cannot read IP mode file for STMicroelectronics.X-CUBE-TOUCHGFX.4.18.0
2021-11-11 11:57:54,833 [WARN] PackLoader:238 - Cannot read IP mode file for RoweBots.I-CUBE-UNISONRTOS.5.5.0-4
2021-11-11 11:57:54,837 [WARN] PackLoader:238 - Cannot read IP mode file for STMicroelectronics.X-CUBE-SFXS2LP1.3.0.0
2021-11-11 11:57:54,869 [WARN] PackLoader:238 - Cannot read IP mode file for STMicroelectronics.X-CUBE-MEMS1.9.0.0
2021-11-11 11:57:55,037 [WARN] PackLoader:238 - Cannot read IP mode file for SEGGER.I-CUBE-embOS.1.2.0
2021-11-11 11:57:55,077 [WARN] PackLoader:238 - Cannot read IP mode file for STMicroelectronics.X-CUBE-TOUCHGFX.4.17.0
2021-11-11 11:57:55,093 [WARN] PackLoader:238 - Cannot read IP mode file for STMicroelectronics.X-CUBE-AZRTOS-H7.2.0.0
2021-11-11 11:57:55,109 [WARN] PackLoader:238 - Cannot read IP mode file for STMicroelectronics.X-CUBE-AZRTOS-L4.1.0.0
2021-11-11 11:57:55,117 [WARN] PackLoader:238 - Cannot read IP mode file for STMicroelectronics.X-CUBE-SUBG2.4.0.0
2021-11-11 11:57:55,153 [WARN] PackLoader:238 - Cannot read IP mode file for STMicroelectronics.X-CUBE-MEMS1.9.1.0
2021-11-11 11:57:55,305 [WARN] PackLoader:238 - Cannot read IP mode file for STMicroelectronics.X-CUBE-TOF1.1.0.0
2021-11-11 11:57:55,309 [WARN] PackLoader:238 - Cannot read IP mode file for STMicroelectronics.X-CUBE-ALS.1.0.1
2021-11-11 11:57:55,313 [WARN] PackLoader:238 - Cannot read IP mode file for STMicroelectronics.X-CUBE-AI.7.0.0
2021-11-11 11:57:55,353 [WARN] PackLoader:238 - Cannot read IP mode file for STMicroelectronics.X-CUBE-MEMS1.8.3.0
2021-11-11 11:57:55,477 [WARN] PackLoader:238 - Cannot read IP mode file for STMicroelectronics.X-CUBE-EEPRMA1.3.1.0
2021-11-11 11:57:55,481 [WARN] PackLoader:238 - Cannot read IP mode file for STMicroelectronics.X-CUBE-GNSS1.5.2.0
2021-11-11 11:57:55,485 [WARN] PackLoader:238 - Cannot read IP mode file for STMicroelectronics.X-CUBE-DISPLAY.2.0.0
2021-11-11 11:57:55,489 [WARN] PackLoader:238 - Cannot read IP mode file for STMicroelectronics.X-CUBE-TOUCHGFX.4.16.1
2021-11-11 11:57:55,489 [INFO] ThirdParty:915 - Integrity check success = true
2021-11-11 11:57:55,489 [INFO] IntegrityCheckThread:94 - exiting critical section [integrity check]
2021-11-11 11:57:55,489 [INFO] IntegrityCheckThread:97 - End integrity checks thread
2021-11-11 11:57:55,489 [INFO] ThirdParty:815 - entering critical section [close project]
2021-11-11 11:57:55,493 [INFO] ThirdParty:825 - exiting critical section [close project]
2021-11-11 11:57:55,493 [INFO] PinOutPanel:1463 - setPackage(No Configuration,No Configuration)
2021-11-11 11:57:55,493 [INFO] UtilMem:74 - Begin LoadConfig() Used Memory: 282878712 Bytes (381681664)
2021-11-11 11:57:55,497 [INFO] MicroXplorer:448 - Change Database Path : 
2021-11-11 11:57:55,497 [INFO] MicroXplorer:478 - Change Database Version : DB.6.0.30
2021-11-11 11:57:55,497 [INFO] OpenFileManager:313 - Change cursor
2021-11-11 11:57:57,092 [INFO] Context:592 - Trying to add GPIOservice into a context  which must be forbidden
2021-11-11 11:57:57,629 [WARN] ApiManager:304 - Cannot register API 'Board Extension:S2868A1' from pack STMicroelectronics.X-CUBE-SFXS2LP1.3.0.0: no header file found
2021-11-11 11:57:57,629 [WARN] ApiManager:304 - Cannot register API 'Board Extension:S2868A2' from pack STMicroelectronics.X-CUBE-SFXS2LP1.3.0.0: no header file found
2021-11-11 11:57:57,629 [WARN] ApiManager:304 - Cannot register API 'Board Extension:S2915A1' from pack STMicroelectronics.X-CUBE-SFXS2LP1.3.0.0: no header file found
2021-11-11 11:57:57,769 [WARN] ApiManager:304 - Cannot register API 'Board Extension:IKS01A3' from pack STMicroelectronics.X-CUBE-MEMS1.9.0.0: no header file found
2021-11-11 11:57:57,769 [WARN] ApiManager:304 - Cannot register API 'Board Extension:IKS01A2' from pack STMicroelectronics.X-CUBE-MEMS1.9.0.0: no header file found
2021-11-11 11:57:57,769 [WARN] ApiManager:304 - Cannot register API 'Board Extension:IKS02A1' from pack STMicroelectronics.X-CUBE-MEMS1.9.0.0: no header file found
2021-11-11 11:57:57,777 [WARN] ApiManager:304 - Cannot register API 'Board Extension:EEPRMA1' from pack STMicroelectronics.X-CUBE-EEPRMA1.3.0.0: no header file found
2021-11-11 11:57:57,777 [WARN] ApiManager:304 - Cannot register API 'Board Extension:EEPRMA2' from pack STMicroelectronics.X-CUBE-EEPRMA1.3.0.0: no header file found
2021-11-11 11:57:57,781 [INFO] RtosManager:484 - Registered RTOS mode: class=CMSIS, group=RTOS, mode=CMSIS_V1, owner=FREERTOS
2021-11-11 11:57:57,781 [INFO] RtosManager:484 - Registered RTOS mode: class=CMSIS, group=RTOS2, mode=CMSIS_V2, owner=FREERTOS
2021-11-11 11:57:57,781 [INFO] RtosManager:484 - Registered RTOS mode: class=RTOS, group=Core, mode=CMSIS_V1, owner=FREERTOS
2021-11-11 11:57:57,781 [INFO] RtosManager:484 - Registered RTOS mode: class=RTOS, group=Core, mode=CMSIS_V2, owner=FREERTOS
2021-11-11 11:57:57,781 [WARN] ModelIntegratedComponent:181 - Missing modes for component STMicroelectronics:FreeRTOS:0.0.1:STMicroelectronics:RTOS:FreeRTOS:Core:::10.2.0:
2021-11-11 11:57:57,785 [WARN] ApiManager:304 - Cannot register API 'Wireless:BlueNRG-MS' from pack STMicroelectronics.X-CUBE-BLE1.6.2.1: no header file found
2021-11-11 11:57:57,789 [WARN] ApiManager:304 - Cannot register API 'Wireless:BlueNRG-MS' from pack STMicroelectronics.X-CUBE-BLE1.6.2.2: no header file found
2021-11-11 11:57:57,789 [WARN] ApiManager:304 - Cannot register API 'Wireless:BlueNRG-2' from pack STMicroelectronics.X-CUBE-BLE2.3.2.1: no header file found
2021-11-11 11:57:57,789 [WARN] ApiManager:304 - Cannot register API 'Wireless:BlueNRG-2' from pack STMicroelectronics.X-CUBE-BLE2.3.2.2: no header file found
2021-11-11 11:57:57,789 [WARN] ApiManager:304 - Cannot register API 'Board Extension:NFC04A1' from pack STMicroelectronics.X-CUBE-NFC4.2.0.3: no header file found
2021-11-11 11:57:57,789 [WARN] ApiManager:304 - Cannot register API 'Board Extension:NFC04A1' from pack STMicroelectronics.X-CUBE-NFC4.2.0.2: no header file found
2021-11-11 11:57:57,789 [WARN] ApiManager:304 - Cannot register API 'Wireless:BlueNRG-2' from pack STMicroelectronics.X-CUBE-BLE2.3.2.0: no header file found
2021-11-11 11:57:57,789 [WARN] ApiManager:304 - Cannot register API 'Board Extension:S2868A1' from pack STMicroelectronics.X-CUBE-SFXS2LP1.3.1.0: no header file found
2021-11-11 11:57:57,789 [WARN] ApiManager:304 - Cannot register API 'Board Extension:S2868A2' from pack STMicroelectronics.X-CUBE-SFXS2LP1.3.1.0: no header file found
2021-11-11 11:57:57,789 [WARN] ApiManager:304 - Cannot register API 'Board Extension:S2915A1' from pack STMicroelectronics.X-CUBE-SFXS2LP1.3.1.0: no header file found
2021-11-11 11:57:57,797 [WARN] ModelIntegratedComponent:60 - No mode defined for component null
2021-11-11 11:57:57,797 [WARN] ModelIntegratedComponent:60 - No mode defined for component null
2021-11-11 11:57:57,797 [WARN] ModelIntegratedComponent:60 - No mode defined for component null
2021-11-11 11:57:57,797 [WARN] ModelIntegratedComponent:60 - No mode defined for component null
2021-11-11 11:57:57,797 [WARN] ModelIntegratedComponent:60 - No mode defined for component null
2021-11-11 11:57:57,797 [WARN] ModelIntegratedComponent:60 - No mode defined for component null
2021-11-11 11:57:57,797 [WARN] ModelIntegratedComponent:60 - No mode defined for component null
2021-11-11 11:57:57,797 [WARN] ModelIntegratedComponent:60 - No mode defined for component null
2021-11-11 11:57:57,797 [WARN] ModelIntegratedComponent:60 - No mode defined for component null
2021-11-11 11:57:57,797 [WARN] ModelIntegratedComponent:60 - No mode defined for component null
2021-11-11 11:57:57,797 [WARN] ModelIntegratedComponent:60 - No mode defined for component null
2021-11-11 11:57:57,797 [WARN] ModelIntegratedComponent:60 - No mode defined for component null
2021-11-11 11:57:57,797 [WARN] ModelIntegratedComponent:60 - No mode defined for component null
2021-11-11 11:57:57,797 [WARN] ModelIntegratedComponent:60 - No mode defined for component null
2021-11-11 11:57:57,797 [WARN] ModelIntegratedComponent:60 - No mode defined for component null
2021-11-11 11:57:57,797 [WARN] ModelIntegratedComponent:60 - No mode defined for component null
2021-11-11 11:57:57,797 [WARN] ModelIntegratedComponent:60 - No mode defined for component null
2021-11-11 11:57:57,797 [WARN] ModelIntegratedComponent:60 - No mode defined for component null
2021-11-11 11:57:57,797 [WARN] ModelIntegratedComponent:60 - No mode defined for component null
2021-11-11 11:57:57,797 [WARN] ModelIntegratedComponent:60 - No mode defined for component null
2021-11-11 11:57:57,797 [WARN] ModelIntegratedComponent:60 - No mode defined for component null
2021-11-11 11:57:57,797 [WARN] ModelIntegratedComponent:60 - No mode defined for component null
2021-11-11 11:57:57,797 [WARN] ModelIntegratedComponent:60 - No mode defined for component null
2021-11-11 11:57:57,797 [WARN] ModelIntegratedComponent:60 - No mode defined for component null
2021-11-11 11:57:57,797 [WARN] ModelIntegratedComponent:60 - No mode defined for component null
2021-11-11 11:57:57,797 [WARN] ModelIntegratedComponent:60 - No mode defined for component null
2021-11-11 11:57:57,797 [WARN] ModelIntegratedComponent:60 - No mode defined for component null
2021-11-11 11:57:57,797 [WARN] ModelIntegratedComponent:60 - No mode defined for component null
2021-11-11 11:57:57,797 [WARN] ModelIntegratedComponent:60 - No mode defined for component null
2021-11-11 11:57:57,797 [WARN] ModelIntegratedComponent:60 - No mode defined for component null
2021-11-11 11:57:57,797 [WARN] ModelIntegratedComponent:60 - No mode defined for component null
2021-11-11 11:57:57,801 [WARN] ApiManager:304 - Cannot register API 'Board Extension:S2868A1' from pack STMicroelectronics.X-CUBE-SUBG2.4.0.0: no header file found
2021-11-11 11:57:57,801 [WARN] ApiManager:304 - Cannot register API 'Board Extension:S2868A2' from pack STMicroelectronics.X-CUBE-SUBG2.4.0.0: no header file found
2021-11-11 11:57:57,801 [WARN] ApiManager:304 - Cannot register API 'Board Extension:S2915A1' from pack STMicroelectronics.X-CUBE-SUBG2.4.0.0: no header file found
2021-11-11 11:57:57,805 [WARN] ApiManager:304 - Cannot register API 'Board Extension:S2868A1' from pack STMicroelectronics.X-CUBE-SUBG2.4.2.0: no header file found
2021-11-11 11:57:57,805 [WARN] ApiManager:304 - Cannot register API 'Board Extension:S2868A2' from pack STMicroelectronics.X-CUBE-SUBG2.4.2.0: no header file found
2021-11-11 11:57:57,805 [WARN] ApiManager:304 - Cannot register API 'Board Extension:S2915A1' from pack STMicroelectronics.X-CUBE-SUBG2.4.2.0: no header file found
2021-11-11 11:57:57,949 [WARN] ApiManager:304 - Cannot register API 'Board Extension:IKS01A3' from pack STMicroelectronics.X-CUBE-MEMS1.9.1.0: no header file found
2021-11-11 11:57:57,949 [WARN] ApiManager:304 - Cannot register API 'Board Extension:IKS01A2' from pack STMicroelectronics.X-CUBE-MEMS1.9.1.0: no header file found
2021-11-11 11:57:57,949 [WARN] ApiManager:304 - Cannot register API 'Board Extension:IKS02A1' from pack STMicroelectronics.X-CUBE-MEMS1.9.1.0: no header file found
2021-11-11 11:57:58,074 [WARN] ApiManager:304 - Cannot register API 'Board Extension:IKS01A3' from pack STMicroelectronics.X-CUBE-MEMS1.8.3.0: no header file found
2021-11-11 11:57:58,074 [WARN] ApiManager:304 - Cannot register API 'Board Extension:IKS01A2' from pack STMicroelectronics.X-CUBE-MEMS1.8.3.0: no header file found
2021-11-11 11:57:58,074 [WARN] ApiManager:304 - Cannot register API 'Board Extension:IKS02A1' from pack STMicroelectronics.X-CUBE-MEMS1.8.3.0: no header file found
2021-11-11 11:57:58,078 [WARN] ApiManager:304 - Cannot register API 'Board Extension:EEPRMA1' from pack STMicroelectronics.X-CUBE-EEPRMA1.3.1.0: no header file found
2021-11-11 11:57:58,078 [WARN] ApiManager:304 - Cannot register API 'Board Extension:EEPRMA2' from pack STMicroelectronics.X-CUBE-EEPRMA1.3.1.0: no header file found
2021-11-11 11:57:58,078 [WARN] ApiManager:304 - Cannot register API 'Board Extension:GNSS1A1' from pack STMicroelectronics.X-CUBE-GNSS1.5.2.0: no header file found
2021-11-11 11:57:58,078 [WARN] ApiManager:304 - Cannot register API 'Board Support:Custom' from pack STMicroelectronics.X-CUBE-GNSS1.5.2.0: no header file found
2021-11-11 11:57:58,078 [WARN] ApiManager:304 - Cannot register API 'Data Exchange:lib_gnss' from pack STMicroelectronics.X-CUBE-GNSS1.5.2.0: no header file found
2021-11-11 11:57:58,078 [WARN] ApiManager:304 - Cannot register API 'Wireless:BlueNRG-MS' from pack STMicroelectronics.X-CUBE-BLE1.6.1.0: no header file found
2021-11-11 11:58:01,353 [INFO] ImportTextPane:167 - (OptionalMessage_ERROR) IP (RCC) : Parameter (RTCHSEDivFreq_Value) has invalid value (4000000)
2021-11-11 11:58:01,545 [INFO] UtilMem:74 - End LoadConfig() Used Memory: 285423416 Bytes (381681664)
2021-11-11 11:58:01,545 [INFO] DbMcusXml:100 - Load MCU database from C:\ST\STM32CubeIDE_1.7.0\STM32CubeIDE\plugins\com.st.stm32cube.common.mx_6.3.0.202107141111\\db\/mcu/families.xml
2021-11-11 11:58:02,290 [INFO] DbMcusJson:93 - JSON generation date=Fri Oct 29 17:56:29 AEST 2021 (1635494189)
2021-11-11 11:58:02,997 [INFO] DbMcus:175 - Found 1951 MCUs (1903 are supported by CubeMX, 1905 are visible in CubeMX)
2021-11-11 11:58:02,997 [INFO] ApiDb:251 - Load user favorites file C:\Users\binar/.stm32cubeide/favorites.mcus.txt: 0 item(s)
2021-11-11 11:58:02,997 [INFO] ApiDb:255 - User favorites MCUs=[]
2021-11-11 11:58:02,997 [INFO] DbMcus:187 - Set 0 / 0 favorites MCUs
2021-11-11 11:58:03,001 [WARN] ThirdParty:779 - waiting for thirdparty lock release [change project]
2021-11-11 11:58:03,001 [INFO] ThirdParty:781 - entering critical section [change project]
2021-11-11 11:58:03,001 [INFO] ThirdParty:967 - CMSIS Pack Vendor :RoweBots I-CUBE-UNISONRTOS 5.5.0-4
2021-11-11 11:58:03,001 [INFO] ThirdParty:967 - CMSIS Pack Vendor :STMicroelectronics X-CUBE-SFXS2LP1 3.0.0
2021-11-11 11:58:03,001 [INFO] ThirdParty:967 - CMSIS Pack Vendor :STMicroelectronics USB_HOST 2.0.0
2021-11-11 11:58:03,001 [INFO] ThirdParty:967 - CMSIS Pack Vendor :STMicroelectronics USB_DEVICE 3.0.0
2021-11-11 11:58:03,001 [INFO] ThirdParty:967 - CMSIS Pack Vendor :STMicroelectronics X-CUBE-MEMS1 9.0.0
2021-11-11 11:58:03,001 [INFO] ThirdParty:967 - CMSIS Pack Vendor :STMicroelectronics X-CUBE-AZRTOS-H7 1.1.0
2021-11-11 11:58:03,001 [INFO] ThirdParty:967 - CMSIS Pack Vendor :STMicroelectronics USB_DEVICE 2.0.0
2021-11-11 11:58:03,001 [INFO] ThirdParty:967 - CMSIS Pack Vendor :STMicroelectronics X-CUBE-EEPRMA1 3.0.0
2021-11-11 11:58:03,001 [INFO] ThirdParty:967 - CMSIS Pack Vendor :STMicroelectronics FreeRTOS 0.0.1
2021-11-11 11:58:03,001 [INFO] ThirdParty:967 - CMSIS Pack Vendor :SEGGER I-CUBE-embOS 1.2.0
2021-11-11 11:58:03,001 [INFO] ThirdParty:967 - CMSIS Pack Vendor :STMicroelectronics lwIP 2.0.3
2021-11-11 11:58:03,001 [INFO] ThirdParty:967 - CMSIS Pack Vendor :STMicroelectronics X-CUBE-BLE1 6.2.1
2021-11-11 11:58:03,001 [INFO] ThirdParty:967 - CMSIS Pack Vendor :STMicroelectronics X-CUBE-BLE1 6.2.2
2021-11-11 11:58:03,001 [INFO] ThirdParty:967 - CMSIS Pack Vendor :STMicroelectronics X-CUBE-BLE2 3.2.1
2021-11-11 11:58:03,001 [INFO] ThirdParty:967 - CMSIS Pack Vendor :STMicroelectronics X-CUBE-BLE2 3.2.2
2021-11-11 11:58:03,001 [INFO] ThirdParty:967 - CMSIS Pack Vendor :STMicroelectronics USB_HOST 1.0.0
2021-11-11 11:58:03,001 [INFO] ThirdParty:967 - CMSIS Pack Vendor :STMicroelectronics X-CUBE-NFC4 2.0.3
2021-11-11 11:58:03,001 [INFO] ThirdParty:967 - CMSIS Pack Vendor :STMicroelectronics X-CUBE-NFC4 2.0.2
2021-11-11 11:58:03,001 [INFO] ThirdParty:967 - CMSIS Pack Vendor :STMicroelectronics X-CUBE-TOUCHGFX 4.17.0
2021-11-11 11:58:03,001 [INFO] ThirdParty:967 - CMSIS Pack Vendor :STMicroelectronics PDM2PCM 3.1.0
2021-11-11 11:58:03,001 [INFO] ThirdParty:967 - CMSIS Pack Vendor :STMicroelectronics PDM2PCM 3.3.0
2021-11-11 11:58:03,001 [INFO] ThirdParty:967 - CMSIS Pack Vendor :STMicroelectronics X-CUBE-BLE2 3.2.0
2021-11-11 11:58:03,001 [INFO] ThirdParty:967 - CMSIS Pack Vendor :STMicroelectronics X-CUBE-SFXS2LP1 3.1.0
2021-11-11 11:58:03,001 [INFO] ThirdParty:967 - CMSIS Pack Vendor :STMicroelectronics X-CUBE-AZRTOS-F4 1.0.0
2021-11-11 11:58:03,001 [INFO] ThirdParty:967 - CMSIS Pack Vendor :STMicroelectronics X-CUBE-AZRTOS-H7 2.0.0
2021-11-11 11:58:03,001 [INFO] ThirdParty:967 - CMSIS Pack Vendor :STMicroelectronics X-CUBE-AZRTOS-L4 1.0.0
2021-11-11 11:58:03,001 [INFO] ThirdParty:967 - CMSIS Pack Vendor :STMicroelectronics X-CUBE-TOF1 2.0.0
2021-11-11 11:58:03,001 [INFO] ThirdParty:967 - CMSIS Pack Vendor :STMicroelectronics HAL Drivers 0.0.0
2021-11-11 11:58:03,001 [INFO] ThirdParty:967 - CMSIS Pack Vendor :STMicroelectronics MBEDTLS 2.16.2
2021-11-11 11:58:03,001 [INFO] ThirdParty:967 - CMSIS Pack Vendor :STMicroelectronics MBEDTLS 2.14.1
2021-11-11 11:58:03,001 [INFO] ThirdParty:967 - CMSIS Pack Vendor :STMicroelectronics X-CUBE-SUBG2 4.0.0
2021-11-11 11:58:03,001 [INFO] ThirdParty:967 - CMSIS Pack Vendor :STMicroelectronics X-CUBE-SUBG2 4.2.0
2021-11-11 11:58:03,001 [INFO] ThirdParty:967 - CMSIS Pack Vendor :STMicroelectronics X-CUBE-MEMS1 9.1.0
2021-11-11 11:58:03,001 [INFO] ThirdParty:967 - CMSIS Pack Vendor :STMicroelectronics X-CUBE-AZRTOS-H7 1.0.0
2021-11-11 11:58:03,001 [INFO] ThirdParty:967 - CMSIS Pack Vendor :STMicroelectronics X-CUBE-TOF1 1.0.0
2021-11-11 11:58:03,001 [INFO] ThirdParty:967 - CMSIS Pack Vendor :STMicroelectronics X-CUBE-ALS 1.0.1
2021-11-11 11:58:03,001 [INFO] ThirdParty:967 - CMSIS Pack Vendor :STMicroelectronics X-CUBE-AI 7.0.0
2021-11-11 11:58:03,001 [INFO] ThirdParty:967 - CMSIS Pack Vendor :STMicroelectronics X-CUBE-ALGOBUILD 1.2.1
2021-11-11 11:58:03,001 [INFO] ThirdParty:967 - CMSIS Pack Vendor :STMicroelectronics X-CUBE-MEMS1 8.3.0
2021-11-11 11:58:03,001 [INFO] ThirdParty:967 - CMSIS Pack Vendor :STMicroelectronics X-CUBE-DISPLAY 1.0.0
2021-11-11 11:58:03,001 [INFO] ThirdParty:967 - CMSIS Pack Vendor :STMicroelectronics USB_DEVICE 1.0.0
2021-11-11 11:58:03,001 [INFO] ThirdParty:967 - CMSIS Pack Vendor :STMicroelectronics X-CUBE-AI 6.0.0
2021-11-11 11:58:03,001 [INFO] ThirdParty:967 - CMSIS Pack Vendor :STMicroelectronics X-CUBE-EEPRMA1 3.1.0
2021-11-11 11:58:03,001 [INFO] ThirdParty:967 - CMSIS Pack Vendor :STMicroelectronics X-CUBE-ALGOBUILD 1.2.0
2021-11-11 11:58:03,001 [INFO] ThirdParty:967 - CMSIS Pack Vendor :STMicroelectronics X-CUBE-GNSS1 5.2.0
2021-11-11 11:58:03,001 [INFO] ThirdParty:967 - CMSIS Pack Vendor :STMicroelectronics ThreadX 0.0.2
2021-11-11 11:58:03,001 [INFO] ThirdParty:967 - CMSIS Pack Vendor :STMicroelectronics X-CUBE-BLE1 6.1.0
2021-11-11 11:58:03,001 [INFO] ThirdParty:967 - CMSIS Pack Vendor :STMicroelectronics lwIP 2.1.2
2021-11-11 11:58:03,001 [INFO] ThirdParty:967 - CMSIS Pack Vendor :STMicroelectronics X-CUBE-DISPLAY 2.0.0
2021-11-11 11:58:03,001 [INFO] ThirdParty:967 - CMSIS Pack Vendor :wolfSSL I-CUBE-wolfSSL 4.7.0
2021-11-11 11:58:03,001 [INFO] ThirdParty:967 - CMSIS Pack Vendor :STMicroelectronics X-CUBE-TOUCHGFX 4.16.1
2021-11-11 11:58:03,001 [INFO] ThirdParty:967 - CMSIS Pack Vendor :STMicroelectronics PDM2PCM 3.2.0
2021-11-11 11:58:03,001 [INFO] ThirdParty:967 - CMSIS Pack Vendor :STMicroelectronics X-CUBE-TOUCHGFX 4.18.0
2021-11-11 11:58:03,001 [INFO] ThirdParty:787 - exiting critical section [change project]
2021-11-11 11:58:03,403 [INFO] PinOutPanel:1463 - setPackage(No Configuration,No Configuration)
2021-11-11 11:58:03,407 [INFO] PinOutPanel:1463 - setPackage(STM32F407VGTx,LQFP100)
2021-11-11 11:58:03,925 [INFO] UtilMem:74 - Before build in PCC Used Memory: 348728120 Bytes (617611264)
2021-11-11 11:58:04,416 [INFO] UtilMem:74 - After build in PCC Used Memory: 275682288 Bytes (617611264)
2021-11-11 11:58:04,444 [INFO] IPUIPlugin:74 - create IPUIPlugin
2021-11-11 11:58:04,444 [INFO] IPUIPlugin:74 - create IPUIPlugin
2021-11-11 11:58:04,444 [INFO] IPUIPlugin:74 - create IPUIPlugin
2021-11-11 11:58:04,444 [INFO] IPUIPlugin:74 - create IPUIPlugin
2021-11-11 11:58:04,444 [INFO] IPUIPlugin:74 - create IPUIPlugin
2021-11-11 11:58:04,444 [INFO] IPUIPlugin:74 - create IPUIPlugin
2021-11-11 11:58:04,444 [INFO] IPUIPlugin:74 - create IPUIPlugin
2021-11-11 11:58:04,444 [INFO] IPUIPlugin:74 - create IPUIPlugin
2021-11-11 11:58:04,444 [INFO] IPUIPlugin:74 - create IPUIPlugin
2021-11-11 11:58:04,444 [INFO] IPUIPlugin:74 - create IPUIPlugin
2021-11-11 11:58:04,448 [INFO] IPUIPlugin:74 - create IPUIPlugin
2021-11-11 11:58:04,448 [INFO] IPUIPlugin:74 - create IPUIPlugin
2021-11-11 11:58:04,448 [INFO] IPUIPlugin:74 - create IPUIPlugin
2021-11-11 11:58:04,448 [INFO] IPUIPlugin:74 - create IPUIPlugin
2021-11-11 11:58:04,448 [INFO] IPUIPlugin:74 - create IPUIPlugin
2021-11-11 11:58:04,448 [INFO] IPUIPlugin:74 - create IPUIPlugin
2021-11-11 11:58:04,448 [INFO] IPUIPlugin:74 - create IPUIPlugin
2021-11-11 11:58:04,448 [INFO] IPUIPlugin:74 - create IPUIPlugin
2021-11-11 11:58:04,448 [INFO] IPUIPlugin:74 - create IPUIPlugin
2021-11-11 11:58:04,448 [INFO] IPUIPlugin:74 - create IPUIPlugin
2021-11-11 11:58:04,448 [INFO] IPUIPlugin:74 - create IPUIPlugin
2021-11-11 11:58:04,448 [INFO] IPUIPlugin:74 - create IPUIPlugin
2021-11-11 11:58:04,448 [INFO] IPUIPlugin:74 - create IPUIPlugin
2021-11-11 11:58:04,448 [INFO] IPUIPlugin:74 - create IPUIPlugin
2021-11-11 11:58:04,448 [INFO] IPUIPlugin:74 - create IPUIPlugin
2021-11-11 11:58:04,448 [INFO] IPUIPlugin:74 - create IPUIPlugin
2021-11-11 11:58:04,448 [INFO] IPUIPlugin:74 - create IPUIPlugin
2021-11-11 11:58:04,452 [INFO] IPUIPlugin:74 - create IPUIPlugin
2021-11-11 11:58:04,452 [INFO] IPUIPlugin:74 - create IPUIPlugin
2021-11-11 11:58:04,452 [INFO] IPUIPlugin:74 - create IPUIPlugin
2021-11-11 11:58:04,452 [INFO] IPUIPlugin:74 - create IPUIPlugin
2021-11-11 11:58:04,452 [INFO] IPUIPlugin:74 - create IPUIPlugin
2021-11-11 11:58:04,452 [INFO] IPUIPlugin:74 - create IPUIPlugin
2021-11-11 11:58:04,456 [INFO] IPUIPlugin:74 - create IPUIPlugin
2021-11-11 11:58:04,456 [INFO] IPUIPlugin:74 - create IPUIPlugin
2021-11-11 11:58:04,456 [INFO] IPUIPlugin:74 - create IPUIPlugin
2021-11-11 11:58:04,456 [INFO] IPUIPlugin:74 - create IPUIPlugin
2021-11-11 11:58:04,456 [INFO] IPUIPlugin:74 - create IPUIPlugin
2021-11-11 11:58:04,456 [INFO] IPUIPlugin:74 - create IPUIPlugin
2021-11-11 11:58:04,460 [INFO] IPUIPlugin:74 - create IPUIPlugin
2021-11-11 11:58:04,460 [INFO] IPUIPlugin:74 - create IPUIPlugin
2021-11-11 11:58:04,460 [INFO] IPUIPlugin:74 - create IPUIPlugin
2021-11-11 11:58:04,460 [INFO] IPUIPlugin:74 - create IPUIPlugin
2021-11-11 11:58:04,460 [INFO] IPUIPlugin:74 - create IPUIPlugin
2021-11-11 11:58:04,460 [INFO] IPUIPlugin:74 - create IPUIPlugin
2021-11-11 11:58:04,460 [INFO] IPUIPlugin:74 - create IPUIPlugin
2021-11-11 11:58:04,460 [INFO] IPUIPlugin:74 - create IPUIPlugin
2021-11-11 11:58:04,460 [INFO] IPUIPlugin:74 - create IPUIPlugin
2021-11-11 11:58:04,460 [INFO] IPUIPlugin:74 - create IPUIPlugin
2021-11-11 11:58:04,464 [INFO] IPUIPlugin:74 - create IPUIPlugin
2021-11-11 11:58:04,464 [INFO] IPUIPlugin:74 - create IPUIPlugin
2021-11-11 11:58:04,464 [INFO] IPUIPlugin:74 - create IPUIPlugin
2021-11-11 11:58:04,464 [INFO] IPUIPlugin:74 - create IPUIPlugin
2021-11-11 11:58:04,464 [INFO] IPUIPlugin:74 - create IPUIPlugin
2021-11-11 11:58:04,464 [INFO] IPUIPlugin:74 - create IPUIPlugin
2021-11-11 11:58:04,468 [INFO] IPUIPlugin:74 - create IPUIPlugin
2021-11-11 11:58:04,468 [INFO] IPUIPlugin:74 - create IPUIPlugin
2021-11-11 11:58:04,468 [INFO] IPUIPlugin:74 - create IPUIPlugin
2021-11-11 11:58:04,504 [INFO] ApiDbMcu:468 - Load IP Config File for PDM2PCM
2021-11-11 11:58:04,596 [INFO] OpenFileManager:333 - Restore cursor
